[1203/202124.751:ERROR:process_memory_win.cc(73)] ReadMemory at 0x7ff6db600000 of 64 bytes failed: 仅完成部分的 ReadProcessMemory 或 WriteProcessMemory 请求。 (0x12B)
[1203/202124.752:WARNING:pe_image_reader.cc(340)] could not read dos header from C:\Program Files (x86)\Google\Chrome\Application\chrome.exe
[1203/202124.753:ERROR:process_memory_win.cc(73)] ReadMemory at 0x7ffd9acd0000 of 64 bytes failed: 仅完成部分的 ReadProcessMemory 或 WriteProcessMemory 请求。 (0x12B)
[1203/202124.753:WARNING:pe_image_reader.cc(340)] could not read dos header from C:\Windows\SYSTEM32\ntdll.dll
[1203/202124.753:ERROR:process_memory_win.cc(73)] ReadMemory at 0x7ffd9ab40000 of 64 bytes failed: 仅完成部分的 ReadProcessMemory 或 WriteProcessMemory 请求。 (0x12B)
[1203/202124.753:WARNING:pe_image_reader.cc(340)] could not read dos header from C:\Windows\System32\KERNEL32.DLL
[1203/202124.753:ERROR:process_memory_win.cc(73)] ReadMemory at 0x7ffd975b0000 of 64 bytes failed: 仅完成部分的 ReadProcessMemory 或 WriteProcessMemory 请求。 (0x12B)
[1203/202124.753:WARNING:pe_image_reader.cc(340)] could not read dos header from C:\Windows\System32\KERNELBASE.dll
[1203/202124.753:ERROR:process_memory_win.cc(73)] ReadMemory at 0x7ffd808d0000 of 64 bytes failed: 仅完成部分的 ReadProcessMemory 或 WriteProcessMemory 请求。 (0x12B)
[1203/202124.753:WARNING:pe_image_reader.cc(340)] could not read dos header from C:\Program Files (x86)\Google\Chrome\Application\76.0.3809.132\chrome_elf.dll
[1203/202124.753:ERROR:process_memory_win.cc(73)] ReadMemory at 0x7ffd8cd70000 of 64 bytes failed: 仅完成部分的 ReadProcessMemory 或 WriteProcessMemory 请求。 (0x12B)
[1203/202124.753:WARNING:pe_image_reader.cc(340)] could not read dos header from C:\Windows\SYSTEM32\VERSION.dll
[1203/202124.753:ERROR:process_memory_win.cc(73)] ReadMemory at 0x11f0cc50000 of 64 bytes failed: 仅完成部分的 ReadProcessMemory 或 WriteProcessMemory 请求。 (0x12B)
[1203/202124.753:WARNING:pe_image_reader.cc(340)] could not read dos header from C:\Windows\System32\msvcrt.dll
[1203/202124.753:ERROR:process_memory_win.cc(73)] ReadMemory at 0x7ffd96d90000 of 64 bytes failed: 仅完成部分的 ReadProcessMemory 或 WriteProcessMemory 请求。 (0x12B)
[1203/202124.753:WARNING:pe_image_reader.cc(340)] could not read dos header from C:\Windows\System32\bcryptPrimitives.dll
[1203/202124.753:ERROR:process_memory_win.cc(73)] ReadMemory at 0x7ffd989a0000 of 64 bytes failed: 仅完成部分的 ReadProcessMemory 或 WriteProcessMemory 请求。 (0x12B)
[1203/202124.753:WARNING:pe_image_reader.cc(340)] could not read dos header from C:\Windows\System32\ADVAPI32.dll
[1203/202124.753:ERROR:process_memory_win.cc(73)] ReadMemory at 0x7ffd99500000 of 64 bytes failed: 仅完成部分的 ReadProcessMemory 或 WriteProcessMemory 请求。 (0x12B)
[1203/202124.753:WARNING:pe_image_reader.cc(340)] could not read dos header from C:\Windows\System32\sechost.dll
[1203/202124.754:ERROR:process_memory_win.cc(73)] ReadMemory at 0x7ffd98a50000 of 64 bytes failed: 仅完成部分的 ReadProcessMemory 或 WriteProcessMemory 请求。 (0x12B)
[1203/202124.754:WARNING:pe_image_reader.cc(340)] could not read dos header from C:\Windows\System32\RPCRT4.dll
[1203/202124.754:ERROR:process_memory_win.cc(73)] ReadMemory at 0x7ffd98070000 of 64 bytes failed: 仅完成部分的 ReadProcessMemory 或 WriteProcessMemory 请求。 (0x12B)
[1203/202124.754:WARNING:pe_image_reader.cc(340)] could not read dos header from C:\Windows\System32\user32.dll
[1203/202124.754:ERROR:process_memory_win.cc(73)] ReadMemory at 0x7ffd97b00000 of 64 bytes failed: 仅完成部分的 ReadProcessMemory 或 WriteProcessMemory 请求。 (0x12B)
[1203/202124.754:WARNING:pe_image_reader.cc(340)] could not read dos header from C:\Windows\System32\win32u.dll
[1203/202124.754:ERROR:process_memory_win.cc(73)] ReadMemory at 0x7ffd9ab10000 of 64 bytes failed: 仅完成部分的 ReadProcessMemory 或 WriteProcessMemory 请求。 (0x12B)
[1203/202124.754:WARNING:pe_image_reader.cc(340)] could not read dos header from C:\Windows\System32\GDI32.dll
[1203/202124.754:ERROR:process_memory_win.cc(73)] ReadMemory at 0x7ffd97960000 of 64 bytes failed: 仅完成部分的 ReadProcessMemory 或 WriteProcessMemory 请求。 (0x12B)
[1203/202124.754:WARNING:pe_image_reader.cc(340)] could not read dos header from C:\Windows\System32\gdi32full.dll
[1203/202124.754:ERROR:process_memory_win.cc(73)] ReadMemory at 0x7ffd97b20000 of 64 bytes failed: 仅完成部分的 ReadProcessMemory 或 WriteProcessMemory 请求。 (0x12B)
[1203/202124.754:WARNING:pe_image_reader.cc(340)] could not read dos header from C:\Windows\System32\msvcp_win.dll
[1203/202124.754:ERROR:process_memory_win.cc(73)] ReadMemory at 0x7ffd97bc0000 of 64 bytes failed: 仅完成部分的 ReadProcessMemory 或 WriteProcessMemory 请求。 (0x12B)
[1203/202124.754:WARNING:pe_image_reader.cc(340)] could not read dos header from C:\Windows\System32\ucrtbase.dll
[1203/202124.754:ERROR:process_memory_win.cc(73)] ReadMemory at 0x7ffd98cb0000 of 64 bytes failed: 仅完成部分的 ReadProcessMemory 或 WriteProcessMemory 请求。 (0x12B)
[1203/202124.754:WARNING:pe_image_reader.cc(340)] could not read dos header from C:\Windows\System32\IMM32.DLL
[1203/202124.754:ERROR:process_memory_win.cc(73)] ReadMemory at 0x7ffd4b500000 of 64 bytes failed: 仅完成部分的 ReadProcessMemory 或 WriteProcessMemory 请求。 (0x12B)
[1203/202124.754:WARNING:pe_image_reader.cc(340)] could not read dos header from C:\Program Files (x86)\Google\Chrome\Application\76.0.3809.132\chrome_child.dll
[1203/202124.754:ERROR:process_memory_win.cc(73)] ReadMemory at 0x7ffd98370000 of 64 bytes failed: 仅完成部分的 ReadProcessMemory 或 WriteProcessMemory 请求。 (0x12B)
[1203/202124.754:WARNING:pe_image_reader.cc(340)] could not read dos header from C:\Windows\System32\OLEAUT32.dll
[1203/202124.754:ERROR:process_memory_win.cc(73)] ReadMemory at 0x7ffd98670000 of 64 bytes failed: 仅完成部分的 ReadProcessMemory 或 WriteProcessMemory 请求。 (0x12B)
[1203/202124.754:WARNING:pe_image_reader.cc(340)] could not read dos header from C:\Windows\System32\combase.dll
[1203/202124.755:ERROR:process_memory_win.cc(73)] ReadMemory at 0x7ffd9aaa0000 of 64 bytes failed: 仅完成部分的 ReadProcessMemory 或 WriteProcessMemory 请求。 (0x12B)
[1203/202124.755:WARNING:pe_image_reader.cc(340)] could not read dos header from C:\Windows\System32\WS2_32.dll
[1203/202124.755:ERROR:process_memory_win.cc(73)] ReadMemory at 0x7ffd97850000 of 64 bytes failed: 仅完成部分的 ReadProcessMemory 或 WriteProcessMemory 请求。 (0x12B)
[1203/202124.755:WARNING:pe_image_reader.cc(340)] could not read dos header from C:\Windows\System32\WINTRUST.dll
[1203/202124.755:ERROR:process_memory_win.cc(73)] ReadMemory at 0x7ffd96d70000 of 64 bytes failed: 仅完成部分的 ReadProcessMemory 或 WriteProcessMemory 请求。 (0x12B)
[1203/202124.755:WARNING:pe_image_reader.cc(340)] could not read dos header from C:\Windows\System32\MSASN1.dll
[1203/202124.755:ERROR:process_memory_win.cc(73)] ReadMemory at 0x7ffd97d10000 of 64 bytes failed: 仅完成部分的 ReadProcessMemory 或 WriteProcessMemory 请求。 (0x12B)
[1203/202124.755:WARNING:pe_image_reader.cc(340)] could not read dos header from C:\Windows\System32\CRYPT32.dll
[1203/202124.755:ERROR:process_memory_win.cc(73)] ReadMemory at 0x7ffd96220000 of 64 bytes failed: 仅完成部分的 ReadProcessMemory 或 WriteProcessMemory 请求。 (0x12B)
[1203/202124.755:WARNING:pe_image_reader.cc(340)] could not read dos header from C:\Windows\SYSTEM32\IPHLPAPI.DLL
[1203/202124.755:ERROR:process_memory_win.cc(73)] ReadMemory at 0x7ffd93a20000 of 64 bytes failed: 仅完成部分的 ReadProcessMemory 或 WriteProcessMemory 请求。 (0x12B)
[1203/202124.755:WARNING:pe_image_reader.cc(340)] could not read dos header from C:\Windows\SYSTEM32\WINMM.dll
[1203/202124.755:ERROR:process_memory_win.cc(73)] ReadMemory at 0x7ffd96bf0000 of 64 bytes failed: 仅完成部分的 ReadProcessMemory 或 WriteProcessMemory 请求。 (0x12B)
[1203/202124.755:WARNING:pe_image_reader.cc(340)] could not read dos header from C:\Windows\SYSTEM32\USERENV.dll
[1203/202124.755:ERROR:process_memory_win.cc(73)] ReadMemory at 0x7ffd96cc0000 of 64 bytes failed: 仅完成部分的 ReadProcessMemory 或 WriteProcessMemory 请求。 (0x12B)
[1203/202124.755:WARNING:pe_image_reader.cc(340)] could not read dos header from C:\Windows\System32\profapi.dll
[1203/202124.755:ERROR:process_memory_win.cc(73)] ReadMemory at 0x7ffd7cfa0000 of 64 bytes failed: 仅完成部分的 ReadProcessMemory 或 WriteProcessMemory 请求。 (0x12B)
[1203/202124.755:WARNING:pe_image_reader.cc(340)] could not read dos header from C:\Windows\SYSTEM32\DWrite.dll
[1203/202124.755:ERROR:process_memory_win.cc(73)] ReadMemory at 0x7ffd890e0000 of 64 bytes failed: 仅完成部分的 ReadProcessMemory 或 WriteProcessMemory 请求。 (0x12B)
[1203/202124.756:WARNING:pe_image_reader.cc(340)] could not read dos header from C:\Windows\SYSTEM32\WINSPOOL.DRV
[1203/202124.756:ERROR:process_memory_win.cc(73)] ReadMemory at 0x7ffd96d50000 of 64 bytes failed: 仅完成部分的 ReadProcessMemory 或 WriteProcessMemory 请求。 (0x12B)
[1203/202124.756:WARNING:pe_image_reader.cc(340)] could not read dos header from C:\Windows\System32\kernel.appcore.dll
[1203/202124.756:ERROR:process_memory_win.cc(73)] ReadMemory at 0x7ffd97580000 of 64 bytes failed: 仅完成部分的 ReadProcessMemory 或 WriteProcessMemory 请求。 (0x12B)
[1203/202124.756:WARNING:pe_image_reader.cc(340)] could not read dos header from C:\Windows\System32\bcrypt.dll
[1203/202124.756:ERROR:process_memory_win.cc(73)] ReadMemory at 0x7ffd5d2c0000 of 64 bytes failed: 仅完成部分的 ReadProcessMemory 或 WriteProcessMemory 请求。 (0x12B)
[1203/202124.756:WARNING:pe_image_reader.cc(340)] could not read dos header from C:\Windows\SYSTEM32\dbghelp.dll
[1203/202124.756:ERROR:process_memory_win.cc(73)] ReadMemory at 0x7ffd87a70000 of 64 bytes failed: 仅完成部分的 ReadProcessMemory 或 WriteProcessMemory 请求。 (0x12B)
[1203/202124.756:WARNING:pe_image_reader.cc(340)] could not read dos header from C:\Windows\SYSTEM32\WINHTTP.dll
[1203/202124.756:ERROR:process_memory_win.cc(73)] ReadMemory at 0x7ffd82f70000 of 64 bytes failed: 仅完成部分的 ReadProcessMemory 或 WriteProcessMemory 请求。 (0x12B)
[1203/202124.756:WARNING:pe_image_reader.cc(340)] could not read dos header from C:\Windows\SYSTEM32\Secur32.dll
[1203/202124.756:ERROR:process_memory_win.cc(73)] ReadMemory at 0x7ffd8a350000 of 64 bytes failed: 仅完成部分的 ReadProcessMemory 或 WriteProcessMemory 请求。 (0x12B)
[1203/202124.756:WARNING:pe_image_reader.cc(340)] could not read dos header from C:\Windows\SYSTEM32\dhcpcsvc.DLL
[1203/202124.756:ERROR:process_memory_win.cc(73)] ReadMemory at 0x7ffd98440000 of 64 bytes failed: 仅完成部分的 ReadProcessMemory 或 WriteProcessMemory 请求。 (0x12B)
[1203/202124.756:WARNING:pe_image_reader.cc(340)] could not read dos header from C:\Windows\System32\NSI.dll
[1203/202124.756:ERROR:process_memory_win.cc(73)] ReadMemory at 0x7ffd939f0000 of 64 bytes failed: 仅完成部分的 ReadProcessMemory 或 WriteProcessMemory 请求。 (0x12B)
[1203/202124.756:WARNING:pe_image_reader.cc(340)] could not read dos header from C:\Windows\SYSTEM32\WINMMBASE.dll
[1203/202124.756:ERROR:process_memory_win.cc(73)] ReadMemory at 0x7ffd97cc0000 of 64 bytes failed: 仅完成部分的 ReadProcessMemory 或 WriteProcessMemory 请求。 (0x12B)
[1203/202124.756:WARNING:pe_image_reader.cc(340)] could not read dos header from C:\Windows\System32\cfgmgr32.dll
[1203/202124.756:ERROR:process_memory_win.cc(73)] ReadMemory at 0x7ffd93670000 of 64 bytes failed: 仅完成部分的 ReadProcessMemory 或 WriteProcessMemory 请求。 (0x12B)
[1203/202124.756:WARNING:pe_image_reader.cc(340)] could not read dos header from C:\Windows\SYSTEM32\PROPSYS.dll
[1203/202124.756:ERROR:process_memory_win.cc(73)] ReadMemory at 0x7ffd98c00000 of 64 bytes failed: 仅完成部分的 ReadProcessMemory 或 WriteProcessMemory 请求。 (0x12B)
[1203/202124.756:WARNING:pe_image_reader.cc(340)] could not read dos header from C:\Windows\System32\shcore.dll
[1203/202124.756:ERROR:process_memory_win.cc(73)] ReadMemory at 0x7ffd96bc0000 of 64 bytes failed: 仅完成部分的 ReadProcessMemory 或 WriteProcessMemory 请求。 (0x12B)
[1203/202124.756:WARNING:pe_image_reader.cc(340)] could not read dos header from C:\Windows\SYSTEM32\SSPICLI.DLL
[1203/202124.757:ERROR:process_memory_win.cc(73)] ReadMemory at 0x7ffd966d0000 of 64 bytes failed: 仅完成部分的 ReadProcessMemory 或 WriteProcessMemory 请求。 (0x12B)
[1203/202124.757:WARNING:pe_image_reader.cc(340)] could not read dos header from C:\Windows\SYSTEM32\CRYPTBASE.DLL
[1203/202124.757:ERROR:process_memory_win.cc(73)] ReadMemory at 0x7ff6db600000 of 64 bytes failed: 仅完成部分的 ReadProcessMemory 或 WriteProcessMemory 请求。 (0x12B)
[1203/202124.757:WARNING:pe_image_reader.cc(340)] could not read dos header from C:\Program Files (x86)\Google\Chrome\Application\chrome.exe
[1203/202124.757:ERROR:process_memory_win.cc(73)] ReadMemory at 0x7ffd9acd0000 of 64 bytes failed: 仅完成部分的 ReadProcessMemory 或 WriteProcessMemory 请求。 (0x12B)
[1203/202124.757:WARNING:pe_image_reader.cc(340)] could not read dos header from C:\Windows\SYSTEM32\ntdll.dll
[1203/202124.757:ERROR:process_memory_win.cc(73)] ReadMemory at 0x7ffd9ab40000 of 64 bytes failed: 仅完成部分的 ReadProcessMemory 或 WriteProcessMemory 请求。 (0x12B)
[1203/202124.757:WARNING:pe_image_reader.cc(340)] could not read dos header from C:\Windows\System32\KERNEL32.DLL
[1203/202124.757:ERROR:process_memory_win.cc(73)] ReadMemory at 0x7ffd975b0000 of 64 bytes failed: 仅完成部分的 ReadProcessMemory 或 WriteProcessMemory 请求。 (0x12B)
[1203/202124.757:WARNING:pe_image_reader.cc(340)] could not read dos header from C:\Windows\System32\KERNELBASE.dll
[1203/202124.757:ERROR:process_memory_win.cc(73)] ReadMemory at 0x7ffd808d0000 of 64 bytes failed: 仅完成部分的 ReadProcessMemory 或 WriteProcessMemory 请求。 (0x12B)
[1203/202124.757:WARNING:pe_image_reader.cc(340)] could not read dos header from C:\Program Files (x86)\Google\Chrome\Application\76.0.3809.132\chrome_elf.dll
[1203/202124.757:ERROR:process_memory_win.cc(73)] ReadMemory at 0x7ffd8cd70000 of 64 bytes failed: 仅完成部分的 ReadProcessMemory 或 WriteProcessMemory 请求。 (0x12B)
[1203/202124.757:WARNING:pe_image_reader.cc(340)] could not read dos header from C:\Windows\SYSTEM32\VERSION.dll
[1203/202124.757:ERROR:process_memory_win.cc(73)] ReadMemory at 0x11f0cc50000 of 64 bytes failed: 仅完成部分的 ReadProcessMemory 或 WriteProcessMemory 请求。 (0x12B)
[1203/202124.757:WARNING:pe_image_reader.cc(340)] could not read dos header from C:\Windows\System32\msvcrt.dll
[1203/202124.757:ERROR:process_memory_win.cc(73)] ReadMemory at 0x7ffd96d90000 of 64 bytes failed: 仅完成部分的 ReadProcessMemory 或 WriteProcessMemory 请求。 (0x12B)
[1203/202124.757:WARNING:pe_image_reader.cc(340)] could not read dos header from C:\Windows\System32\bcryptPrimitives.dll
[1203/202124.757:ERROR:process_memory_win.cc(73)] ReadMemory at 0x7ffd989a0000 of 64 bytes failed: 仅完成部分的 ReadProcessMemory 或 WriteProcessMemory 请求。 (0x12B)
[1203/202124.757:WARNING:pe_image_reader.cc(340)] could not read dos header from C:\Windows\System32\ADVAPI32.dll
[1203/202124.757:ERROR:process_memory_win.cc(73)] ReadMemory at 0x7ffd99500000 of 64 bytes failed: 仅完成部分的 ReadProcessMemory 或 WriteProcessMemory 请求。 (0x12B)
[1203/202124.757:WARNING:pe_image_reader.cc(340)] could not read dos header from C:\Windows\System32\sechost.dll
[1203/202124.757:ERROR:process_memory_win.cc(73)] ReadMemory at 0x7ffd98a50000 of 64 bytes failed: 仅完成部分的 ReadProcessMemory 或 WriteProcessMemory 请求。 (0x12B)
[1203/202124.757:WARNING:pe_image_reader.cc(340)] could not read dos header from C:\Windows\System32\RPCRT4.dll
[1203/202124.757:ERROR:process_memory_win.cc(73)] ReadMemory at 0x7ffd98070000 of 64 bytes failed: 仅完成部分的 ReadProcessMemory 或 WriteProcessMemory 请求。 (0x12B)
[1203/202124.757:WARNING:pe_image_reader.cc(340)] could not read dos header from C:\Windows\System32\user32.dll
[1203/202124.758:ERROR:process_memory_win.cc(73)] ReadMemory at 0x7ffd97b00000 of 64 bytes failed: 仅完成部分的 ReadProcessMemory 或 WriteProcessMemory 请求。 (0x12B)
[1203/202124.758:WARNING:pe_image_reader.cc(340)] could not read dos header from C:\Windows\System32\win32u.dll
[1203/202124.758:ERROR:process_memory_win.cc(73)] ReadMemory at 0x7ffd9ab10000 of 64 bytes failed: 仅完成部分的 ReadProcessMemory 或 WriteProcessMemory 请求。 (0x12B)
[1203/202124.758:WARNING:pe_image_reader.cc(340)] could not read dos header from C:\Windows\System32\GDI32.dll
[1203/202124.758:ERROR:process_memory_win.cc(73)] ReadMemory at 0x7ffd97960000 of 64 bytes failed: 仅完成部分的 ReadProcessMemory 或 WriteProcessMemory 请求。 (0x12B)
[1203/202124.758:WARNING:pe_image_reader.cc(340)] could not read dos header from C:\Windows\System32\gdi32full.dll
[1203/202124.758:ERROR:process_memory_win.cc(73)] ReadMemory at 0x7ffd97b20000 of 64 bytes failed: 仅完成部分的 ReadProcessMemory 或 WriteProcessMemory 请求。 (0x12B)
[1203/202124.758:WARNING:pe_image_reader.cc(340)] could not read dos header from C:\Windows\System32\msvcp_win.dll
[1203/202124.758:ERROR:process_memory_win.cc(73)] ReadMemory at 0x7ffd97bc0000 of 64 bytes failed: 仅完成部分的 ReadProcessMemory 或 WriteProcessMemory 请求。 (0x12B)
[1203/202124.758:WARNING:pe_image_reader.cc(340)] could not read dos header from C:\Windows\System32\ucrtbase.dll
[1203/202124.758:ERROR:process_memory_win.cc(73)] ReadMemory at 0x7ffd98cb0000 of 64 bytes failed: 仅完成部分的 ReadProcessMemory 或 WriteProcessMemory 请求。 (0x12B)
[1203/202124.758:WARNING:pe_image_reader.cc(340)] could not read dos header from C:\Windows\System32\IMM32.DLL
[1203/202124.758:ERROR:process_memory_win.cc(73)] ReadMemory at 0x7ffd4b500000 of 64 bytes failed: 仅完成部分的 ReadProcessMemory 或 WriteProcessMemory 请求。 (0x12B)
[1203/202124.758:WARNING:pe_image_reader.cc(340)] could not read dos header from C:\Program Files (x86)\Google\Chrome\Application\76.0.3809.132\chrome_child.dll
[1203/202124.758:ERROR:process_memory_win.cc(73)] ReadMemory at 0x7ffd98370000 of 64 bytes failed: 仅完成部分的 ReadProcessMemory 或 WriteProcessMemory 请求。 (0x12B)
[1203/202124.758:WARNING:pe_image_reader.cc(340)] could not read dos header from C:\Windows\System32\OLEAUT32.dll
[1203/202124.758:ERROR:process_memory_win.cc(73)] ReadMemory at 0x7ffd98670000 of 64 bytes failed: 仅完成部分的 ReadProcessMemory 或 WriteProcessMemory 请求。 (0x12B)
[1203/202124.758:WARNING:pe_image_reader.cc(340)] could not read dos header from C:\Windows\System32\combase.dll
[1203/202124.758:ERROR:process_memory_win.cc(73)] ReadMemory at 0x7ffd9aaa0000 of 64 bytes failed: 仅完成部分的 ReadProcessMemory 或 WriteProcessMemory 请求。 (0x12B)
[1203/202124.758:WARNING:pe_image_reader.cc(340)] could not read dos header from C:\Windows\System32\WS2_32.dll
[1203/202124.758:ERROR:process_memory_win.cc(73)] ReadMemory at 0x7ffd97850000 of 64 bytes failed: 仅完成部分的 ReadProcessMemory 或 WriteProcessMemory 请求。 (0x12B)
[1203/202124.758:WARNING:pe_image_reader.cc(340)] could not read dos header from C:\Windows\System32\WINTRUST.dll
[1203/202124.758:ERROR:process_memory_win.cc(73)] ReadMemory at 0x7ffd96d70000 of 64 bytes failed: 仅完成部分的 ReadProcessMemory 或 WriteProcessMemory 请求。 (0x12B)
[1203/202124.758:WARNING:pe_image_reader.cc(340)] could not read dos header from C:\Windows\System32\MSASN1.dll
[1203/202124.758:ERROR:process_memory_win.cc(73)] ReadMemory at 0x7ffd97d10000 of 64 bytes failed: 仅完成部分的 ReadProcessMemory 或 WriteProcessMemory 请求。 (0x12B)
[1203/202124.758:WARNING:pe_image_reader.cc(340)] could not read dos header from C:\Windows\System32\CRYPT32.dll
[1203/202124.758:ERROR:process_memory_win.cc(73)] ReadMemory at 0x7ffd96220000 of 64 bytes failed: 仅完成部分的 ReadProcessMemory 或 WriteProcessMemory 请求。 (0x12B)
[1203/202124.758:WARNING:pe_image_reader.cc(340)] could not read dos header from C:\Windows\SYSTEM32\IPHLPAPI.DLL
[1203/202124.758:ERROR:process_memory_win.cc(73)] ReadMemory at 0x7ffd93a20000 of 64 bytes failed: 仅完成部分的 ReadProcessMemory 或 WriteProcessMemory 请求。 (0x12B)
[1203/202124.758:WARNING:pe_image_reader.cc(340)] could not read dos header from C:\Windows\SYSTEM32\WINMM.dll
[1203/202124.758:ERROR:process_memory_win.cc(73)] ReadMemory at 0x7ffd96bf0000 of 64 bytes failed: 仅完成部分的 ReadProcessMemory 或 WriteProcessMemory 请求。 (0x12B)
[1203/202124.758:WARNING:pe_image_reader.cc(340)] could not read dos header from C:\Windows\SYSTEM32\USERENV.dll
[1203/202124.759:ERROR:process_memory_win.cc(73)] ReadMemory at 0x7ffd96cc0000 of 64 bytes failed: 仅完成部分的 ReadProcessMemory 或 WriteProcessMemory 请求。 (0x12B)
[1203/202124.759:WARNING:pe_image_reader.cc(340)] could not read dos header from C:\Windows\System32\profapi.dll
[1203/202124.759:ERROR:process_memory_win.cc(73)] ReadMemory at 0x7ffd7cfa0000 of 64 bytes failed: 仅完成部分的 ReadProcessMemory 或 WriteProcessMemory 请求。 (0x12B)
[1203/202124.759:WARNING:pe_image_reader.cc(340)] could not read dos header from C:\Windows\SYSTEM32\DWrite.dll
[1203/202124.759:ERROR:process_memory_win.cc(73)] ReadMemory at 0x7ffd890e0000 of 64 bytes failed: 仅完成部分的 ReadProcessMemory 或 WriteProcessMemory 请求。 (0x12B)
[1203/202124.759:WARNING:pe_image_reader.cc(340)] could not read dos header from C:\Windows\SYSTEM32\WINSPOOL.DRV
[1203/202124.759:ERROR:process_memory_win.cc(73)] ReadMemory at 0x7ffd96d50000 of 64 bytes failed: 仅完成部分的 ReadProcessMemory 或 WriteProcessMemory 请求。 (0x12B)
[1203/202124.759:WARNING:pe_image_reader.cc(340)] could not read dos header from C:\Windows\System32\kernel.appcore.dll
[1203/202124.759:ERROR:process_memory_win.cc(73)] ReadMemory at 0x7ffd97580000 of 64 bytes failed: 仅完成部分的 ReadProcessMemory 或 WriteProcessMemory 请求。 (0x12B)
[1203/202124.759:WARNING:pe_image_reader.cc(340)] could not read dos header from C:\Windows\System32\bcrypt.dll
[1203/202124.759:ERROR:process_memory_win.cc(73)] ReadMemory at 0x7ffd5d2c0000 of 64 bytes failed: 仅完成部分的 ReadProcessMemory 或 WriteProcessMemory 请求。 (0x12B)
[1203/202124.759:WARNING:pe_image_reader.cc(340)] could not read dos header from C:\Windows\SYSTEM32\dbghelp.dll
[1203/202124.759:ERROR:process_memory_win.cc(73)] ReadMemory at 0x7ffd87a70000 of 64 bytes failed: 仅完成部分的 ReadProcessMemory 或 WriteProcessMemory 请求。 (0x12B)
[1203/202124.759:WARNING:pe_image_reader.cc(340)] could not read dos header from C:\Windows\SYSTEM32\WINHTTP.dll
[1203/202124.759:ERROR:process_memory_win.cc(73)] ReadMemory at 0x7ffd82f70000 of 64 bytes failed: 仅完成部分的 ReadProcessMemory 或 WriteProcessMemory 请求。 (0x12B)
[1203/202124.759:WARNING:pe_image_reader.cc(340)] could not read dos header from C:\Windows\SYSTEM32\Secur32.dll
[1203/202124.760:ERROR:process_memory_win.cc(73)] ReadMemory at 0x7ffd8a350000 of 64 bytes failed: 仅完成部分的 ReadProcessMemory 或 WriteProcessMemory 请求。 (0x12B)
[1203/202124.760:WARNING:pe_image_reader.cc(340)] could not read dos header from C:\Windows\SYSTEM32\dhcpcsvc.DLL
[1203/202124.760:ERROR:process_memory_win.cc(73)] ReadMemory at 0x7ffd98440000 of 64 bytes failed: 仅完成部分的 ReadProcessMemory 或 WriteProcessMemory 请求。 (0x12B)
[1203/202124.760:WARNING:pe_image_reader.cc(340)] could not read dos header from C:\Windows\System32\NSI.dll
[1203/202124.760:ERROR:process_memory_win.cc(73)] ReadMemory at 0x7ffd939f0000 of 64 bytes failed: 仅完成部分的 ReadProcessMemory 或 WriteProcessMemory 请求。 (0x12B)
[1203/202124.760:WARNING:pe_image_reader.cc(340)] could not read dos header from C:\Windows\SYSTEM32\WINMMBASE.dll
[1203/202124.760:ERROR:process_memory_win.cc(73)] ReadMemory at 0x7ffd97cc0000 of 64 bytes failed: 仅完成部分的 ReadProcessMemory 或 WriteProcessMemory 请求。 (0x12B)
[1203/202124.760:WARNING:pe_image_reader.cc(340)] could not read dos header from C:\Windows\System32\cfgmgr32.dll
[1203/202124.760:ERROR:process_memory_win.cc(73)] ReadMemory at 0x7ffd93670000 of 64 bytes failed: 仅完成部分的 ReadProcessMemory 或 WriteProcessMemory 请求。 (0x12B)
[1203/202124.760:WARNING:pe_image_reader.cc(340)] could not read dos header from C:\Windows\SYSTEM32\PROPSYS.dll
[1203/202124.760:ERROR:process_memory_win.cc(73)] ReadMemory at 0x7ffd98c00000 of 64 bytes failed: 仅完成部分的 ReadProcessMemory 或 WriteProcessMemory 请求。 (0x12B)
[1203/202124.760:WARNING:pe_image_reader.cc(340)] could not read dos header from C:\Windows\System32\shcore.dll
[1203/202124.760:ERROR:process_memory_win.cc(73)] ReadMemory at 0x7ffd96bc0000 of 64 bytes failed: 仅完成部分的 ReadProcessMemory 或 WriteProcessMemory 请求。 (0x12B)
[1203/202124.760:WARNING:pe_image_reader.cc(340)] could not read dos header from C:\Windows\SYSTEM32\SSPICLI.DLL
[1203/202124.760:ERROR:process_memory_win.cc(73)] ReadMemory at 0x7ffd966d0000 of 64 bytes failed: 仅完成部分的 ReadProcessMemory 或 WriteProcessMemory 请求。 (0x12B)
[1203/202124.760:WARNING:pe_image_reader.cc(340)] could not read dos header from C:\Windows\SYSTEM32\CRYPTBASE.DLL
[1203/202124.768:ERROR:process_memory_win.cc(73)] ReadMemory at 0x14d6dfb000 of 20480 bytes failed: 仅完成部分的 ReadProcessMemory 或 WriteProcessMemory 请求。 (0x12B)
[1203/202124.768:ERROR:process_memory_win.cc(73)] ReadMemory at 0x14d6b20000 of 852 bytes failed: 仅完成部分的 ReadProcessMemory 或 WriteProcessMemory 请求。 (0x12B)
[1203/202124.768:ERROR:process_memory_win.cc(73)] ReadMemory at 0x14d6b21000 of 6024 bytes failed: 仅完成部分的 ReadProcessMemory 或 WriteProcessMemory 请求。 (0x12B)
[1203/202124.769:ERROR:process_memory_win.cc(73)] ReadMemory at 0x11f0cd40fe0 of 11278 bytes failed: 仅完成部分的 ReadProcessMemory 或 WriteProcessMemory 请求。 (0x12B)
[1203/202124.769:ERROR:process_memory_win.cc(73)] ReadMemory at 0x11f0cd43c00 of 1012 bytes failed: 仅完成部分的 ReadProcessMemory 或 WriteProcessMemory 请求。 (0x12B)
[1203/202124.769:ERROR:process_memory_win.cc(73)] ReadMemory at 0x11f0cd44228 of 118 bytes failed: 仅完成部分的 ReadProcessMemory 或 WriteProcessMemory 请求。 (0x12B)
[1203/202124.769:ERROR:process_memory_win.cc(73)] ReadMemory at 0x11f0cd442a0 of 648 bytes failed: 仅完成部分的 ReadProcessMemory 或 WriteProcessMemory 请求。 (0x12B)
[1203/202124.769:ERROR:process_memory_win.cc(73)] ReadMemory at 0x11f0cd4452a of 118 bytes failed: 仅完成部分的 ReadProcessMemory 或 WriteProcessMemory 请求。 (0x12B)
[1203/202124.769:ERROR:process_memory_win.cc(73)] ReadMemory at 0x11f0cd445a2 of 94 bytes failed: 仅完成部分的 ReadProcessMemory 或 WriteProcessMemory 请求。 (0x12B)
[1203/202124.769:ERROR:process_memory_win.cc(73)] ReadMemory at 0x11f0cd44610 of 58 bytes failed: 仅完成部分的 ReadProcessMemory 或 WriteProcessMemory 请求。 (0x12B)
[1203/202124.769:ERROR:process_memory_win.cc(73)] ReadMemory at 0x11f0cd44710 of 132 bytes failed: 仅完成部分的 ReadProcessMemory 或 WriteProcessMemory 请求。 (0x12B)
[1203/202124.769:ERROR:process_memory_win.cc(73)] ReadMemory at 0x11f0cd448a0 of 132 bytes failed: 仅完成部分的 ReadProcessMemory 或 WriteProcessMemory 请求。 (0x12B)
[1203/202124.769:ERROR:process_memory_win.cc(73)] ReadMemory at 0x11f0cd44a60 of 126 bytes failed: 仅完成部分的 ReadProcessMemory 或 WriteProcessMemory 请求。 (0x12B)
[1203/202124.769:ERROR:process_memory_win.cc(73)] ReadMemory at 0x11f0cd44e40 of 132 bytes failed: 仅完成部分的 ReadProcessMemory 或 WriteProcessMemory 请求。 (0x12B)
[1203/202124.769:ERROR:process_memory_win.cc(73)] ReadMemory at 0x11f0cd44fd0 of 64 bytes failed: 仅完成部分的 ReadProcessMemory 或 WriteProcessMemory 请求。 (0x12B)
[1203/202124.770:ERROR:process_memory_win.cc(73)] ReadMemory at 0x11f0cd45020 of 132 bytes failed: 仅完成部分的 ReadProcessMemory 或 WriteProcessMemory 请求。 (0x12B)
[1203/202124.770:ERROR:process_memory_win.cc(73)] ReadMemory at 0x11f0cd45190 of 132 bytes failed: 仅完成部分的 ReadProcessMemory 或 WriteProcessMemory 请求。 (0x12B)
[1203/202124.770:ERROR:process_memory_win.cc(73)] ReadMemory at 0x11f0cd45430 of 132 bytes failed: 仅完成部分的 ReadProcessMemory 或 WriteProcessMemory 请求。 (0x12B)
[1203/202124.770:ERROR:process_memory_win.cc(73)] ReadMemory at 0x11f0cd455c0 of 68 bytes failed: 仅完成部分的 ReadProcessMemory 或 WriteProcessMemory 请求。 (0x12B)
[1203/202124.770:ERROR:process_memory_win.cc(73)] ReadMemory at 0x11f0cd464e0 of 132 bytes failed: 仅完成部分的 ReadProcessMemory 或 WriteProcessMemory 请求。 (0x12B)
[1203/202124.770:ERROR:process_memory_win.cc(73)] ReadMemory at 0x11f0cd46670 of 154 bytes failed: 仅完成部分的 ReadProcessMemory 或 WriteProcessMemory 请求。 (0x12B)
[1203/202124.770:ERROR:process_memory_win.cc(73)] ReadMemory at 0x11f0cd47470 of 62 bytes failed: 仅完成部分的 ReadProcessMemory 或 WriteProcessMemory 请求。 (0x12B)
[1203/202124.770:ERROR:process_memory_win.cc(73)] ReadMemory at 0x11f0cd475d0 of 132 bytes failed: 仅完成部分的 ReadProcessMemory 或 WriteProcessMemory 请求。 (0x12B)
[1203/202124.770:ERROR:process_memory_win.cc(73)] ReadMemory at 0x11f0cd47760 of 60 bytes failed: 仅完成部分的 ReadProcessMemory 或 WriteProcessMemory 请求。 (0x12B)
[1203/202124.770:ERROR:process_memory_win.cc(73)] ReadMemory at 0x11f0cd478e0 of 132 bytes failed: 仅完成部分的 ReadProcessMemory 或 WriteProcessMemory 请求。 (0x12B)
[1203/202124.770:ERROR:process_memory_win.cc(73)] ReadMemory at 0x11f0cd4900c of 512 bytes failed: 仅完成部分的 ReadProcessMemory 或 WriteProcessMemory 请求。 (0x12B)
[1203/202124.770:ERROR:process_memory_win.cc(73)] ReadMemory at 0x11f0cd49420 of 132 bytes failed: 仅完成部分的 ReadProcessMemory 或 WriteProcessMemory 请求。 (0x12B)
[1203/202124.770:ERROR:process_memory_win.cc(73)] ReadMemory at 0x11f0cd496a0 of 132 bytes failed: 仅完成部分的 ReadProcessMemory 或 WriteProcessMemory 请求。 (0x12B)
[1203/202124.771:ERROR:process_memory_win.cc(73)] ReadMemory at 0x11f0cd497d0 of 132 bytes failed: 仅完成部分的 ReadProcessMemory 或 WriteProcessMemory 请求。 (0x12B)
[1203/202124.771:ERROR:process_memory_win.cc(73)] ReadMemory at 0x11f0cd49900 of 158 bytes failed: 仅完成部分的 ReadProcessMemory 或 WriteProcessMemory 请求。 (0x12B)
[1203/202124.771:ERROR:process_memory_win.cc(73)] ReadMemory at 0x11f0cd4c080 of 132 bytes failed: 仅完成部分的 ReadProcessMemory 或 WriteProcessMemory 请求。 (0x12B)
[1203/202124.771:ERROR:process_memory_win.cc(73)] ReadMemory at 0x11f0cd4c1b0 of 132 bytes failed: 仅完成部分的 ReadProcessMemory 或 WriteProcessMemory 请求。 (0x12B)
[1203/202124.771:ERROR:process_memory_win.cc(73)] ReadMemory at 0x11f0cd4c340 of 80 bytes failed: 仅完成部分的 ReadProcessMemory 或 WriteProcessMemory 请求。 (0x12B)
[1203/202124.771:ERROR:process_memory_win.cc(73)] ReadMemory at 0x11f0cd4c4e0 of 60 bytes failed: 仅完成部分的 ReadProcessMemory 或 WriteProcessMemory 请求。 (0x12B)
[1203/202124.771:ERROR:process_memory_win.cc(73)] ReadMemory at 0x11f0cd4c580 of 60 bytes failed: 仅完成部分的 ReadProcessMemory 或 WriteProcessMemory 请求。 (0x12B)
[1203/202124.771:ERROR:process_memory_win.cc(73)] ReadMemory at 0x11f0cd4c5d0 of 66 bytes failed: 仅完成部分的 ReadProcessMemory 或 WriteProcessMemory 请求。 (0x12B)
[1203/202124.771:ERROR:process_memory_win.cc(73)] ReadMemory at 0x11f0cd4c670 of 66 bytes failed: 仅完成部分的 ReadProcessMemory 或 WriteProcessMemory 请求。 (0x12B)
[1203/202124.771:ERROR:process_memory_win.cc(73)] ReadMemory at 0x11f0cd4c6c0 of 58 bytes failed: 仅完成部分的 ReadProcessMemory 或 WriteProcessMemory 请求。 (0x12B)
[1203/202124.771:ERROR:process_memory_win.cc(73)] ReadMemory at 0x11f0cd4c760 of 64 bytes failed: 仅完成部分的 ReadProcessMemory 或 WriteProcessMemory 请求。 (0x12B)
[1203/202124.772:ERROR:process_memory_win.cc(73)] ReadMemory at 0x11f0cd4c800 of 62 bytes failed: 仅完成部分的 ReadProcessMemory 或 WriteProcessMemory 请求。 (0x12B)
[1203/202124.772:ERROR:process_memory_win.cc(73)] ReadMemory at 0x11f0cd4c9e0 of 60 bytes failed: 仅完成部分的 ReadProcessMemory 或 WriteProcessMemory 请求。 (0x12B)
[1203/202124.772:ERROR:process_memory_win.cc(73)] ReadMemory at 0x11f0cd4ca80 of 64 bytes failed: 仅完成部分的 ReadProcessMemory 或 WriteProcessMemory 请求。 (0x12B)
[1203/202124.772:ERROR:process_memory_win.cc(73)] ReadMemory at 0x11f0cd51820 of 132 bytes failed: 仅完成部分的 ReadProcessMemory 或 WriteProcessMemory 请求。 (0x12B)
[1203/202124.772:ERROR:process_memory_win.cc(73)] ReadMemory at 0x11f0cd51950 of 132 bytes failed: 仅完成部分的 ReadProcessMemory 或 WriteProcessMemory 请求。 (0x12B)
[1203/202124.772:ERROR:process_memory_win.cc(73)] ReadMemory at 0x11f0cd53c20 of 132 bytes failed: 仅完成部分的 ReadProcessMemory 或 WriteProcessMemory 请求。 (0x12B)
[1203/202124.772:ERROR:process_memory_win.cc(73)] ReadMemory at 0x11f0cd58e50 of 62 bytes failed: 仅完成部分的 ReadProcessMemory 或 WriteProcessMemory 请求。 (0x12B)
[1203/202124.772:ERROR:process_memory_win.cc(73)] ReadMemory at 0x11f0cd58ea0 of 62 bytes failed: 仅完成部分的 ReadProcessMemory 或 WriteProcessMemory 请求。 (0x12B)
[1203/202124.772:ERROR:process_memory_win.cc(73)] ReadMemory at 0x11f0cd58ef0 of 58 bytes failed: 仅完成部分的 ReadProcessMemory 或 WriteProcessMemory 请求。 (0x12B)
[1203/202124.772:ERROR:process_memory_win.cc(73)] ReadMemory at 0x11f0cd58f40 of 62 bytes failed: 仅完成部分的 ReadProcessMemory 或 WriteProcessMemory 请求。 (0x12B)
[1203/202124.772:ERROR:process_memory_win.cc(73)] ReadMemory at 0x11f0cd58f90 of 62 bytes failed: 仅完成部分的 ReadProcessMemory 或 WriteProcessMemory 请求。 (0x12B)
[1203/202124.773:ERROR:process_memory_win.cc(73)] ReadMemory at 0x11f0cd590d0 of 60 bytes failed: 仅完成部分的 ReadProcessMemory 或 WriteProcessMemory 请求。 (0x12B)
[1203/202124.773:ERROR:process_memory_win.cc(73)] ReadMemory at 0x11f0cd591c0 of 62 bytes failed: 仅完成部分的 ReadProcessMemory 或 WriteProcessMemory 请求。 (0x12B)
[1203/202124.773:ERROR:process_memory_win.cc(73)] ReadMemory at 0x11f0cd59210 of 58 bytes failed: 仅完成部分的 ReadProcessMemory 或 WriteProcessMemory 请求。 (0x12B)
[1203/202124.773:ERROR:process_memory_win.cc(73)] ReadMemory at 0x11f0cd59260 of 66 bytes failed: 仅完成部分的 ReadProcessMemory 或 WriteProcessMemory 请求。 (0x12B)
[1203/202124.773:ERROR:process_memory_win.cc(73)] ReadMemory at 0x11f0cd592b0 of 60 bytes failed: 仅完成部分的 ReadProcessMemory 或 WriteProcessMemory 请求。 (0x12B)
[1203/202124.773:ERROR:process_memory_win.cc(73)] ReadMemory at 0x11f0cd59440 of 60 bytes failed: 仅完成部分的 ReadProcessMemory 或 WriteProcessMemory 请求。 (0x12B)
[1203/202124.773:ERROR:process_memory_win.cc(73)] ReadMemory at 0x11f0cd59490 of 62 bytes failed: 仅完成部分的 ReadProcessMemory 或 WriteProcessMemory 请求。 (0x12B)
[1203/202124.773:ERROR:process_memory_win.cc(73)] ReadMemory at 0x11f0cd59620 of 64 bytes failed: 仅完成部分的 ReadProcessMemory 或 WriteProcessMemory 请求。 (0x12B)
[1203/202124.773:ERROR:process_memory_win.cc(73)] ReadMemory at 0x11f0cd596c0 of 62 bytes failed: 仅完成部分的 ReadProcessMemory 或 WriteProcessMemory 请求。 (0x12B)
[1203/202124.773:ERROR:process_memory_win.cc(73)] ReadMemory at 0x11f0cd59710 of 64 bytes failed: 仅完成部分的 ReadProcessMemory 或 WriteProcessMemory 请求。 (0x12B)
[1203/202124.774:ERROR:process_memory_win.cc(73)] ReadMemory at 0x11f0cd59760 of 64 bytes failed: 仅完成部分的 ReadProcessMemory 或 WriteProcessMemory 请求。 (0x12B)
[1203/202124.774:ERROR:process_memory_win.cc(73)] ReadMemory at 0x11f0cd59800 of 62 bytes failed: 仅完成部分的 ReadProcessMemory 或 WriteProcessMemory 请求。 (0x12B)
[1203/202124.774:ERROR:process_memory_win.cc(73)] ReadMemory at 0x11f0cd598a0 of 64 bytes failed: 仅完成部分的 ReadProcessMemory 或 WriteProcessMemory 请求。 (0x12B)
[1203/202124.774:ERROR:process_memory_win.cc(73)] ReadMemory at 0x11f0cd598f0 of 64 bytes failed: 仅完成部分的 ReadProcessMemory 或 WriteProcessMemory 请求。 (0x12B)
[1203/202124.774:ERROR:process_memory_win.cc(73)] ReadMemory at 0x11f0cd59940 of 64 bytes failed: 仅完成部分的 ReadProcessMemory 或 WriteProcessMemory 请求。 (0x12B)
[1203/202124.774:ERROR:process_memory_win.cc(73)] ReadMemory at 0x11f0cd59990 of 60 bytes failed: 仅完成部分的 ReadProcessMemory 或 WriteProcessMemory 请求。 (0x12B)
[1203/202124.774:ERROR:process_memory_win.cc(73)] ReadMemory at 0x11f0cd59a30 of 60 bytes failed: 仅完成部分的 ReadProcessMemory 或 WriteProcessMemory 请求。 (0x12B)
[1203/202124.774:ERROR:process_memory_win.cc(73)] ReadMemory at 0x11f0cd59c10 of 62 bytes failed: 仅完成部分的 ReadProcessMemory 或 WriteProcessMemory 请求。 (0x12B)
[1203/202124.774:ERROR:process_memory_win.cc(73)] ReadMemory at 0x11f0cd5aca0 of 54 bytes failed: 仅完成部分的 ReadProcessMemory 或 WriteProcessMemory 请求。 (0x12B)
[1203/202124.774:ERROR:process_memory_win.cc(73)] ReadMemory at 0x11f0cd5bfe0 of 132 bytes failed: 仅完成部分的 ReadProcessMemory 或 WriteProcessMemory 请求。 (0x12B)
[1203/202124.774:ERROR:process_memory_win.cc(73)] ReadMemory at 0x11f0cd5c110 of 132 bytes failed: 仅完成部分的 ReadProcessMemory 或 WriteProcessMemory 请求。 (0x12B)
[1203/202124.774:ERROR:process_memory_win.cc(73)] ReadMemory at 0x11f0cd5c240 of 132 bytes failed: 仅完成部分的 ReadProcessMemory 或 WriteProcessMemory 请求。 (0x12B)
[1203/202124.774:ERROR:process_memory_win.cc(73)] ReadMemory at 0x11f0cd5c4a0 of 132 bytes failed: 仅完成部分的 ReadProcessMemory 或 WriteProcessMemory 请求。 (0x12B)
[1203/202124.774:ERROR:process_memory_win.cc(73)] ReadMemory at 0x11f0cd5c5d0 of 132 bytes failed: 仅完成部分的 ReadProcessMemory 或 WriteProcessMemory 请求。 (0x12B)
[1203/202124.774:ERROR:process_memory_win.cc(73)] ReadMemory at 0x11f0cd5c700 of 132 bytes failed: 仅完成部分的 ReadProcessMemory 或 WriteProcessMemory 请求。 (0x12B)
[1203/202124.774:ERROR:process_memory_win.cc(73)] ReadMemory at 0x11f0cd5c830 of 132 bytes failed: 仅完成部分的 ReadProcessMemory 或 WriteProcessMemory 请求。 (0x12B)
[1203/202124.775:ERROR:process_memory_win.cc(73)] ReadMemory at 0x11f0cd5c960 of 132 bytes failed: 仅完成部分的 ReadProcessMemory 或 WriteProcessMemory 请求。 (0x12B)
[1203/202124.775:ERROR:process_memory_win.cc(73)] ReadMemory at 0x11f0cd5ca90 of 132 bytes failed: 仅完成部分的 ReadProcessMemory 或 WriteProcessMemory 请求。 (0x12B)
[1203/202124.775:ERROR:process_memory_win.cc(73)] ReadMemory at 0x11f0cd5cbc0 of 132 bytes failed: 仅完成部分的 ReadProcessMemory 或 WriteProcessMemory 请求。 (0x12B)
[1203/202124.775:ERROR:process_memory_win.cc(73)] ReadMemory at 0x11f0cd5ccf0 of 132 bytes failed: 仅完成部分的 ReadProcessMemory 或 WriteProcessMemory 请求。 (0x12B)
[1203/202124.775:ERROR:process_memory_win.cc(73)] ReadMemory at 0x11f0cd5ce20 of 132 bytes failed: 仅完成部分的 ReadProcessMemory 或 WriteProcessMemory 请求。 (0x12B)
[1203/202124.775:ERROR:process_memory_win.cc(73)] ReadMemory at 0x11f0cd5f0b0 of 76 bytes failed: 仅完成部分的 ReadProcessMemory 或 WriteProcessMemory 请求。 (0x12B)
[1203/202124.775:ERROR:process_memory_win.cc(73)] ReadMemory at 0x11f0cd5fee0 of 132 bytes failed: 仅完成部分的 ReadProcessMemory 或 WriteProcessMemory 请求。 (0x12B)
[1203/202124.775:ERROR:process_memory_win.cc(73)] ReadMemory at 0x11f0cd60010 of 132 bytes failed: 仅完成部分的 ReadProcessMemory 或 WriteProcessMemory 请求。 (0x12B)
[1203/202124.775:ERROR:process_memory_win.cc(73)] ReadMemory at 0x11f0cd60270 of 132 bytes failed: 仅完成部分的 ReadProcessMemory 或 WriteProcessMemory 请求。 (0x12B)
[1203/202124.775:ERROR:process_memory_win.cc(73)] ReadMemory at 0x11f0cd603a0 of 132 bytes failed: 仅完成部分的 ReadProcessMemory 或 WriteProcessMemory 请求。 (0x12B)
[1203/202124.775:ERROR:process_memory_win.cc(73)] ReadMemory at 0x11f0cd604d0 of 132 bytes failed: 仅完成部分的 ReadProcessMemory 或 WriteProcessMemory 请求。 (0x12B)
[1203/202124.775:ERROR:process_memory_win.cc(73)] ReadMemory at 0x11f0cd60730 of 132 bytes failed: 仅完成部分的 ReadProcessMemory 或 WriteProcessMemory 请求。 (0x12B)
[1203/202124.776:ERROR:process_memory_win.cc(73)] ReadMemory at 0x11f0cd611e0 of 132 bytes failed: 仅完成部分的 ReadProcessMemory 或 WriteProcessMemory 请求。 (0x12B)
[1203/202124.776:ERROR:process_memory_win.cc(73)] ReadMemory at 0x11f0cd61440 of 132 bytes failed: 仅完成部分的 ReadProcessMemory 或 WriteProcessMemory 请求。 (0x12B)
[1203/202124.776:ERROR:process_memory_win.cc(73)] ReadMemory at 0x11f0cd61570 of 132 bytes failed: 仅完成部分的 ReadProcessMemory 或 WriteProcessMemory 请求。 (0x12B)
[1203/202124.776:ERROR:process_memory_win.cc(73)] ReadMemory at 0x11f0cd616a0 of 132 bytes failed: 仅完成部分的 ReadProcessMemory 或 WriteProcessMemory 请求。 (0x12B)
[1203/202124.776:ERROR:process_memory_win.cc(73)] ReadMemory at 0x11f0cd61900 of 132 bytes failed: 仅完成部分的 ReadProcessMemory 或 WriteProcessMemory 请求。 (0x12B)
[1203/202124.776:ERROR:process_memory_win.cc(73)] ReadMemory at 0x11f0cd61a30 of 132 bytes failed: 仅完成部分的 ReadProcessMemory 或 WriteProcessMemory 请求。 (0x12B)
[1203/202124.776:ERROR:process_memory_win.cc(73)] ReadMemory at 0x11f0cd61b60 of 132 bytes failed: 仅完成部分的 ReadProcessMemory 或 WriteProcessMemory 请求。 (0x12B)
[1203/202124.776:ERROR:process_memory_win.cc(73)] ReadMemory at 0x11f0cd61c90 of 132 bytes failed: 仅完成部分的 ReadProcessMemory 或 WriteProcessMemory 请求。 (0x12B)
[1203/202124.777:ERROR:process_memory_win.cc(73)] ReadMemory at 0x7ffd96cd6448 of 512 bytes failed: 仅完成部分的 ReadProcessMemory 或 WriteProcessMemory 请求。 (0x12B)
[1203/202124.777:ERROR:process_memory_win.cc(73)] ReadMemory at 0x7ffd97cc0000 of 384 bytes failed: 仅完成部分的 ReadProcessMemory 或 WriteProcessMemory 请求。 (0x12B)
[1203/202124.777:ERROR:process_memory_win.cc(73)] ReadMemory at 0x7ffd97cd1ed0 of 512 bytes failed: 仅完成部分的 ReadProcessMemory 或 WriteProcessMemory 请求。 (0x12B)
[1203/202124.777:ERROR:process_memory_win.cc(73)] ReadMemory at 0x7ffd9ad6fd64 of 512 bytes failed: 仅完成部分的 ReadProcessMemory 或 WriteProcessMemory 请求。 (0x12B)
[1203/202124.777:ERROR:process_memory_win.cc(73)] ReadMemory at 0x7ffd9ad734ea of 512 bytes failed: 仅完成部分的 ReadProcessMemory 或 WriteProcessMemory 请求。 (0x12B)
[1203/202124.777:ERROR:process_memory_win.cc(73)] ReadMemory at 0x7ffd9adfc0c8 of 18 bytes failed: 仅完成部分的 ReadProcessMemory 或 WriteProcessMemory 请求。 (0x12B)
[1203/202124.777:ERROR:process_memory_win.cc(73)] ReadMemory at 0x7ffd9ae2f4f8 of 40 bytes failed: 仅完成部分的 ReadProcessMemory 或 WriteProcessMemory 请求。 (0x12B)
[1203/202124.777:ERROR:process_memory_win.cc(73)] ReadMemory at 0x7ffd9ae2f978 of 48 bytes failed: 仅完成部分的 ReadProcessMemory 或 WriteProcessMemory 请求。 (0x12B)
[1203/202124.777:ERROR:process_memory_win.cc(73)] ReadMemory at 0x7ffd9ae353a0 of 64 bytes failed: 仅完成部分的 ReadProcessMemory 或 WriteProcessMemory 请求。 (0x12B)
[1203/202124.781:ERROR:scoped_process_suspend.cc(40)] NtResumeProcess: 已尝试访问正在退出的过程。 (0xc000010a)
[1231/214936.707:ERROR:process_reader_win.cc(151)] SuspendThread: 拒绝访问。 (0x5)
[1231/214936.718:ERROR:process_reader_win.cc(151)] SuspendThread: 拒绝访问。 (0x5)
[0302/225320.024:ERROR:process_info.cc(329)] VirtualQueryEx: 拒绝访问。 (0x5)
[0302/225320.028:ERROR:process_info.cc(556)] ReadMemoryInfo failed
[0302/225320.028:ERROR:process_memory_win.cc(39)] Failed to initialize ProcessInfo.
[0302/225320.028:ERROR:scoped_process_suspend.cc(40)] NtResumeProcess: 已尝试访问正在退出的过程。 (0xc000010a)
[0322/202817.994:ERROR:process_reader_win.cc(151)] SuspendThread: 拒绝访问。 (0x5)
